<?xml version="1.0" encoding="UTF-8"?>
<testng-results skipped="0" failed="0" ignored="0" total="1" passed="1">
  <reporter-output>
  </reporter-output>
  <suite name="Default suite" duration-ms="32394" started-at="2023-04-04T17:09:45 IST" finished-at="2023-04-04T17:10:17 IST">
    <groups>
    </groups>
    <test name="Default test" duration-ms="32394" started-at="2023-04-04T17:09:45 IST" finished-at="2023-04-04T17:10:17 IST">
      <class name="com.bridgelabz.test.BrokenLinks">
        <test-method status="PASS" signature="setup()[pri:0, instance:com.bridgelabz.test.BrokenLinks@4eb7f003]" name="setup" is-config="true" duration-ms="8360" started-at="2023-04-04T17:09:45 IST" finished-at="2023-04-04T17:09:53 IST">
          <reporter-output>
          </reporter-output>
        </test-method> <!-- setup -->
        <test-method status="PASS" signature="brokenLinks()[pri:0, instance:com.bridgelabz.test.BrokenLinks@4eb7f003]" name="brokenLinks" duration-ms="23975" started-at="2023-04-04T17:09:53 IST" finished-at="2023-04-04T17:10:17 IST">
          <reporter-output>
          </reporter-output>
        </test-method> <!-- brokenLinks -->
      </class> <!-- com.bridgelabz.test.BrokenLinks -->
    </test> <!-- Default test -->
  </suite> <!-- Default suite -->
</testng-results>
